0 info it worked if it ends with ok
1 verbose cli [ 'C:\\Program Files\\nodejs\\node.exe',
1 verbose cli   'C:\\Program Files\\nodejs\\node_modules\\npm\\bin\\npm-cli.js',
1 verbose cli   'start' ]
2 info using npm@3.10.10
3 info using node@v6.11.3
4 verbose run-script [ 'prestart', 'start', 'poststart' ]
5 info lifecycle startbootstrap-bare@4.2.1~prestart: startbootstrap-bare@4.2.1
6 silly lifecycle startbootstrap-bare@4.2.1~prestart: no script for prestart, continuing
7 info lifecycle startbootstrap-bare@4.2.1~start: startbootstrap-bare@4.2.1
8 verbose lifecycle startbootstrap-bare@4.2.1~start: unsafe-perm in lifecycle true
9 verbose lifecycle startbootstrap-bare@4.2.1~start: PATH: C:\Program Files\nodejs\node_modules\npm\bin\node-gyp-bin;C:\Users\aliae\Desktop\multiplicity\multiplicitytech.github.io\node_modules\.bin;C:\Rtools\bin;C:\Program Files (x86)\Common Files\Oracle\Java\javapath;C:\Program Files (x86)\Common Files\Intel\Shared Libraries\redist\intel64\compiler;C:\ProgramData\Oracle\Java\javapath;.;C:\Program Files (x86)\Novint\Falcon\HDAL\bin;C:\Program Files\Dell\DW WLAN Card;C:\Program Files\MiKTeX 2.9\miktex\bin\x64\;C:\Program Files\MikTeX\miktex\bin\x64\;C:\Program Files (x86)\Skype\Phone\;C:\Program Files\nodejs\;C:\Program Files\Common Files\Autodesk Shared\;C:\Program Files (x86)\Autodesk\Backburner\;C:\Program Files\Git\cmd;C:\Program Files (x86)\PuTTY\;C:\Program Files (x86)\PharosSystems\Core;C:\WINDOWS\system32;C:\WINDOWS;C:\WINDOWS\System32\Wbem;C:\WINDOWS\System32\WindowsPowerShell\v1.0\;C:\WINDOWS\System32\OpenSSH\;C:\Users\aliae\Desktop\srilm_container\bin\$MACHINE_TYPE;C:\Users\aliae\Desktop\srilm_container\bin;C:\Users\aliae\Desktop\jre1.8.0_212\bin;C:\Users\aliae\AppData\Local\Microsoft\WindowsApps;C:\Users\aliae\AppData\Local\atom\bin;C:\Users\aliae\AppData\Roaming\npm;C:\Users\aliae\appdata\local\atom\bin;C:\Users\aliae\AppData\Local\GitHubDesktop\bin;C:\Users\aliae\AppData\Local\Microsoft\WindowsApps;C:\Users\aliae\Desktop\srilm_container\bin\i686-m64;C:\Users\aliae\Desktop\srilm_container\bin;C:\Users\aliae\Desktop\srilm_container\man;C:\Users\aliae\Desktop\subword-nmt-master;C:\Users\aliae\Desktop\jre1.8.0_212\bin;
10 verbose lifecycle startbootstrap-bare@4.2.1~start: CWD: C:\Users\aliae\Desktop\multiplicity\multiplicitytech.github.io
11 silly lifecycle startbootstrap-bare@4.2.1~start: Args: [ '/d /s /c', 'gulp watch' ]
12 verbose stack Error: kill ENOSYS
12 verbose stack     at exports._errnoException (util.js:1020:11)
12 verbose stack     at process.kill (internal/process.js:190:13)
12 verbose stack     at process.listener (C:\Program Files\nodejs\node_modules\npm\node_modules\npmlog\node_modules\gauge\node_modules\signal-exit\index.js:86:15)
12 verbose stack     at emitNone (events.js:91:20)
12 verbose stack     at process.emit (events.js:185:7)
12 verbose stack     at processEmit (C:\Program Files\nodejs\node_modules\npm\node_modules\npmlog\node_modules\gauge\node_modules\signal-exit\index.js:146:32)
12 verbose stack     at processEmit (C:\Program Files\nodejs\node_modules\npm\node_modules\npm-registry-client\node_modules\npmlog\node_modules\gauge\node_modules\signal-exit\index.js:146:32)
12 verbose stack     at Signal.wrap.onsignal (internal/process.js:217:44)
13 verbose cwd C:\Users\aliae\Desktop\multiplicity\multiplicitytech.github.io
14 error Windows_NT 10.0.18362
15 error argv "C:\\Program Files\\nodejs\\node.exe" "C:\\Program Files\\nodejs\\node_modules\\npm\\bin\\npm-cli.js" "start"
16 error node v6.11.3
17 error npm  v3.10.10
18 error code ENOSYS
19 error errno ENOSYS
20 error syscall kill
21 error kill ENOSYS
22 error If you need help, you may report this error at:
22 error     <https://github.com/npm/npm/issues>
23 verbose exit [ 1, true ]
